c:\users\lenovo\desktop\facedetection\facedetection\x64\release\main.obj
c:\users\lenovo\desktop\facedetection\facedetection\x64\release\moc_mainwindow.obj
c:\users\lenovo\desktop\facedetection\facedetection\x64\release\qrc_mainwindow.obj
c:\users\lenovo\desktop\facedetection\facedetection\x64\release\mainwindow.obj
c:\users\lenovo\desktop\facedetection\facedetection\x64\release\uic\ui_mainwindow.h
c:\users\lenovo\desktop\facedetection\facedetection\x64\release\rcc\qrc_mainwindow.cpp
c:\users\lenovo\desktop\facedetection\facedetection\x64\release\moc\moc_mainwindow.cpp
c:\users\lenovo\desktop\facedetection\x64\release\facedetection.exe
c:\users\lenovo\desktop\facedetection\facedetection\x64\release\\moc\moc_mainwindow.cpp
c:\users\lenovo\desktop\facedetection\facedetection\x64\release\\rcc\qrc_mainwindow.cpp
c:\users\lenovo\desktop\facedetection\facedetection\x64\release\\uic\ui_mainwindow.h
c:\users\lenovo\desktop\facedetection\facedetection\x64\release\facedetection.tlog\cl.command.1.tlog
c:\users\lenovo\desktop\facedetection\facedetection\x64\release\facedetection.tlog\cl.read.1.tlog
c:\users\lenovo\desktop\facedetection\facedetection\x64\release\facedetection.tlog\cl.write.1.tlog
c:\users\lenovo\desktop\facedetection\facedetection\x64\release\facedetection.tlog\facedetection.write.1u.tlog
c:\users\lenovo\desktop\facedetection\facedetection\x64\release\facedetection.tlog\link.command.1.tlog
c:\users\lenovo\desktop\facedetection\facedetection\x64\release\facedetection.tlog\link.read.1.tlog
c:\users\lenovo\desktop\facedetection\facedetection\x64\release\facedetection.tlog\link.write.1.tlog
c:\users\lenovo\desktop\facedetection\facedetection\x64\release\facedetection.tlog\moc.read.1u.tlog
c:\users\lenovo\desktop\facedetection\facedetection\x64\release\facedetection.tlog\moc.write.1u.tlog
c:\users\lenovo\desktop\facedetection\facedetection\x64\release\facedetection.tlog\rcc.read.1u.tlog
c:\users\lenovo\desktop\facedetection\facedetection\x64\release\facedetection.tlog\rcc.write.1u.tlog
c:\users\lenovo\desktop\facedetection\facedetection\x64\release\facedetection.tlog\uic.read.1u.tlog
c:\users\lenovo\desktop\facedetection\facedetection\x64\release\facedetection.tlog\uic.write.1u.tlog
